<?xml version="1.0" encoding="UTF-8"?>
<!-- Generated by org.testng.reporters.JUnitXMLReporter -->
<testsuite ignored="4" hostname="USTPALG1757" failures="0" tests="11" name="Command line test" time="31.556" errors="0" timestamp="09 Aug 2022 21:16:06 GMT">
  <testcase classname="Android.Sample_Android_DeepLnkTest" name="@BeforeTest setUp" time="0.009">
    <failure type="java.lang.AssertionError">
      <![CDATA[java.lang.AssertionError
at Utils.JsonReader.parse(JsonReader.java:34)
at Android.Sample_Android_DeepLnkTest.setUp(Sample_Android_DeepLnkTest.java:23)
... Removed 34 stack frames]]>
    </failure>
  </testcase> <!-- @BeforeTest setUp -->
  <testcase classname="Android.Sample_Android_WebTest" name="@BeforeTest setUp" time="0.0">
    <skipped/>
  </testcase> <!-- @BeforeTest setUp -->
  <testcase classname="iOS.Sample_iOS_DeepLinkTest" name="@BeforeTest setUp" time="0.0">
    <skipped/>
  </testcase> <!-- @BeforeTest setUp -->
  <testcase classname="iOS.Sample_iOS_WebTest" name="@BeforeTest setUp" time="0.0">
    <skipped/>
  </testcase> <!-- @BeforeTest setUp -->
  <testcase classname="iOS.SampleiOSTest" name="@BeforeTest setUp" time="0.0">
    <skipped/>
  </testcase> <!-- @BeforeTest setUp -->
  <testcase classname="runner.RunnerBase" name="@AfterClass quit" time="0.0">
    <skipped/>
  </testcase> <!-- @AfterClass quit -->
  <testcase classname="Base.BaseTest" name="@AfterTest tearDown" time="0.0">
    <skipped/>
  </testcase> <!-- @AfterTest tearDown -->
  <testcase classname="Android.SampleAndroidTest" name="@AfterTest tearDown" time="0.0">
    <skipped/>
  </testcase> <!-- @AfterTest tearDown -->
  <testcase classname="Android.Sample_Android_WebTest" name="@AfterTest tearDown" time="0.0">
    <skipped/>
  </testcase> <!-- @AfterTest tearDown -->
  <testcase classname="iOS.Sample_iOS_WebTest" name="@AfterTest tearDown" time="0.0">
    <skipped/>
  </testcase> <!-- @AfterTest tearDown -->
  <testcase classname="iOS.SampleiOSTest" name="@AfterTest tearDown" time="0.0">
    <skipped/>
  </testcase> <!-- @AfterTest tearDown -->
  <testcase classname="Android.SampleAndroidTest" name="click_App_Button" time="0.0">
    <skipped/>
  </testcase> <!-- click_App_Button -->
  <testcase classname="Android.Sample_Android_DeepLnkTest" name="navigateToProductsPage" time="0.0">
    <skipped/>
  </testcase> <!-- navigateToProductsPage -->
  <testcase classname="Android.Sample_Android_WebTest" name="userLogin" time="0.0">
    <skipped/>
  </testcase> <!-- userLogin -->
  <testcase classname="iOS.SampleiOSTest" name="userLogin" time="0.0">
    <skipped/>
  </testcase> <!-- userLogin -->
  <testcase classname="iOS.Sample_iOS_DeepLinkTest" name="navigateToProductsPage" time="0.0">
    <skipped/>
  </testcase> <!-- navigateToProductsPage -->
  <testcase classname="iOS.Sample_iOS_WebTest" name="userLogin" time="0.0">
    <skipped/>
  </testcase> <!-- userLogin -->
  <testcase classname="POM.Sample_Android_POM_Test" name="sampleTest" time="0.0">
    <skipped/>
  </testcase> <!-- sampleTest -->
  <testcase classname="POM.Sample_iOS_POM_Test" name="sampleTest" time="0.0">
    <skipped/>
  </testcase> <!-- sampleTest -->
  <testcase classname="runner.RunnerBase" name="scenario" time="0.0">
    <skipped/>
  </testcase> <!-- scenario -->
  <testcase classname="io.cucumber.testng.AbstractTestNGCucumberTests" name="runScenario" time="0.0">
    <skipped/>
  </testcase> <!-- runScenario -->
  <testcase classname="SampleTest" name="sampleTest" time="0.0">
    <skipped/>
  </testcase> <!-- sampleTest -->
  <testcase classname="Base.BaseTest" name="@AfterTest tearDown" time="0.0">
    <ignored/>
  </testcase> <!-- @AfterTest tearDown -->
  <testcase classname="Base.BaseTest" name="@BeforeSuite beforeSuite" time="0.0">
    <ignored/>
  </testcase> <!-- @BeforeSuite beforeSuite -->
  <testcase classname="Base.BaseTest" name="@AfterSuite afterSuite" time="0.0">
    <ignored/>
  </testcase> <!-- @AfterSuite afterSuite -->
  <testcase classname="Base.BaseTest" name="@BeforeTest beforeTest" time="0.0">
    <ignored/>
  </testcase> <!-- @BeforeTest beforeTest -->
</testsuite> <!-- Command line test -->
