<?xml version="1.0" encoding="UTF-8"?>
<testng-results ignored="0" total="2" passed="2" failed="0" skipped="0">
  <reporter-output>
  </reporter-output>
  <suite started-at="2022-08-24T15:48:12Z" name="Suite" finished-at="2022-08-24T15:48:25Z" duration-ms="12954">
    <groups>
      <group name="cucumber">
        <method signature="RunnerBase.scenario(io.cucumber.testng.PickleWrapper, io.cucumber.testng.FeatureWrapper)[pri:0, instance:runner.Runner2Test@37654521]" name="scenario" class="runner.RunnerBase"/>
      </group> <!-- cucumber -->
    </groups>
    <test started-at="2022-08-24T15:48:12Z" name="Cucumber Tests" finished-at="2022-08-24T15:48:25Z" duration-ms="12954">
      <class name="runner.Runner2Test">
        <test-method is-config="true" signature="setUpEnvironment()[pri:0, instance:runner.Runner2Test@37654521]" started-at="2022-08-24T15:48:12Z" name="setUpEnvironment" finished-at="2022-08-24T15:48:12Z" duration-ms="11" status="PASS">
          <reporter-output>
          </reporter-output>
        </test-method> <!-- setUpEnvironment -->
        <test-method is-config="true" signature="setUpClass(java.lang.String)[pri:0, instance:runner.Runner2Test@37654521]" started-at="2022-08-24T15:48:12Z" name="setUpClass" finished-at="2022-08-24T15:48:24Z" duration-ms="11714" status="PASS">
          <params>
            <param index="0">
              <value>
                <![CDATA[Android]]>
              </value>
            </param>
          </params>
          <reporter-output>
          </reporter-output>
        </test-method> <!-- setUpClass -->
        <test-method signature="scenario(io.cucumber.testng.PickleWrapper, io.cucumber.testng.FeatureWrapper)[pri:0, instance:runner.Runner2Test@37654521]" started-at="2022-08-24T15:48:24Z" name="scenario" description="Runs Cucumber Scenarios" data-provider="scenarios" finished-at="2022-08-24T15:48:25Z" duration-ms="529" status="PASS">
          <params>
            <param index="0">
              <value>
                <![CDATA["The user will gain a new experience after clicking a button"]]>
              </value>
            </param>
            <param index="1">
              <value>
                <![CDATA["Optional[Sample Feature]"]]>
              </value>
            </param>
          </params>
          <reporter-output>
          </reporter-output>
        </test-method> <!-- scenario -->
        <test-method signature="scenario(io.cucumber.testng.PickleWrapper, io.cucumber.testng.FeatureWrapper)[pri:0, instance:runner.Runner2Test@37654521]" started-at="2022-08-24T15:48:25Z" name="scenario" description="Runs Cucumber Scenarios" data-provider="scenarios" finished-at="2022-08-24T15:48:25Z" duration-ms="7" status="PASS">
          <params>
            <param index="0">
              <value>
                <![CDATA["The user will be able to navigate to the app"]]>
              </value>
            </param>
            <param index="1">
              <value>
                <![CDATA["Optional[Sample Feature]"]]>
              </value>
            </param>
          </params>
          <reporter-output>
          </reporter-output>
        </test-method> <!-- scenario -->
        <test-method is-config="true" signature="quit()[pri:0, instance:runner.Runner2Test@37654521]" started-at="2022-08-24T15:48:25Z" name="quit" finished-at="2022-08-24T15:48:25Z" duration-ms="665" status="PASS">
          <reporter-output>
          </reporter-output>
        </test-method> <!-- quit -->
      </class> <!-- runner.Runner2Test -->
    </test> <!-- Cucumber Tests -->
  </suite> <!-- Suite -->
</testng-results>
