<?xml version="1.0" encoding="UTF-8"?>
<testsuite xmlns:xsi="http://www.w3.org/2001/XMLSchema-instance" xsi:noNamespaceSchemaLocation="https://maven.apache.org/surefire/maven-surefire-plugin/xsd/surefire-test-report-3.0.xsd" version="3.0" name="Android.WeatherAppTest" time="57.83" tests="5" errors="0" skipped="0" failures="2">
  <properties>
[...]
</properties>
  <testcase name="Verify_London_Weather on Verify_London_Weather(Android.WeatherAppTest)" classname="Android.WeatherAppTest" time="15.868">
    <system-out><![CDATA[[INFO ] 2022-09-01 16:25:20.288 Utils.ServerManager:25 - starting appium server
&amp#27;[35m[Appium]&amp#27;[39m Welcome to Appium v1.22.3
&amp#27;[35m[Appium]&amp#27;[39m Appium REST http interface listener started on 0.0.0.0:4723
&amp#27;[35m[HTTP]&amp#27;[39m &amp#27;[37m-->&amp#27;[39m &amp#27;[37mGET&amp#27;[39m &amp#27;[37m/wd/hub/status&amp#27;[39m
&amp#27;[35m[HTTP]&amp#27;[39m &amp#27;[90m{}&amp#27;[39m
[debug] &amp#27;[35m[GENERIC]&amp#27;[39m Calling AppiumDriver.getStatus() with args: []
[debug] &amp#27;[35m[GENERIC]&amp#27;[39m Responding to client with driver.getStatus() result: {"build":{"version":"1.22.3"}}
&amp#27;[35m[HTTP]&amp#27;[39m &amp#27;[37m<-- GET /wd/hub/status &amp#27;[39m&amp#27;[32m200&amp#27;[39m &amp#27;[90m6 ms - 68&amp#27;[39m
&amp#27;[35m[HTTP]&amp#27;[39m &amp#27;[90m&amp#27;[39m
[INFO ] 2022-09-01 16:25:22.258 Utils.ServerManager:45 - Appium server started
[INFO ] 2022-09-01 16:25:22.258 Utils.ServerManager:50 - Appium server started
started: Verify_London_Weather (Android.WeatherAppTest)
Stopping App - C:\Users\ANTWAN~1.MAD\AppData\Local\Temp\appium4383563805540052761\screenshot3288312079632015401.png
succeeded
finished
]]></system-out>
    <system-err><![CDATA[Sep 01, 2022 4:25:29 PM io.appium.java_client.remote.AppiumCommandExecutor$1 lambda$0
INFO: Detected dialect: W3C
]]></system-err>
  </testcase>
  <testcase name="Verify_AbuDhabi_Weather on Verify_AbuDhabi_Weather(Android.WeatherAppTest)" classname="Android.WeatherAppTest" time="13.151">
    <failure message="An element could not be located on the page using the given search parameters.&#10;For documentation on this error, please visit: https://www.seleniumhq.org/exceptions/no_such_element.html&#10;Build info: version: &apos;3.141.59&apos;, revision: &apos;e82be7d358&apos;, time: &apos;2018-11-14T08:17:03&apos;&#10;System info: host: &apos;USTPALG1757&apos;, ip: &apos;192.168.254.181&apos;, os.name: &apos;Windows 10&apos;, os.arch: &apos;amd64&apos;, os.version: &apos;10.0&apos;, java.version: &apos;1.8.0_341&apos;&#10;Driver info: com.microsoft.appcenter.appium.EnhancedAndroidDriver&#10;Capabilities {app: C:\Users\Antwan.Maddox\sour..., appPackage: com.weatherapp, databaseEnabled: false, desired: {app: C:\Users\Antwan.Maddox\sour..., deviceName: Android Emulator, platformName: android, platformVersion: 11.0}, deviceApiLevel: 30, deviceManufacturer: Google, deviceModel: sdk_gphone_x86, deviceName: emulator-5554, deviceScreenDensity: 420, deviceScreenSize: 1080x1920, deviceUDID: emulator-5554, javascriptEnabled: true, locationContextEnabled: false, networkConnectionEnabled: true, pixelRatio: 2.625, platform: LINUX, platformName: Android, platformVersion: 11, statBarHeight: 63, takesScreenshot: true, viewportRect: {height: 1731, left: 0, top: 63, width: 1080}, warnings: {}, webStorageEnabled: false}&#10;Session ID: a5b9f883-e714-4e55-80ff-7e7776be2ba5&#10;*** Element info: {Using=id, value=com.weatherapp:id/tv_temperature}" type="org.openqa.selenium.NoSuchElementException"><![CDATA[org.openqa.selenium.NoSuchElementException: 
An element could not be located on the page using the given search parameters.
For documentation on this error, please visit: https://www.seleniumhq.org/exceptions/no_such_element.html
Build info: version: '3.141.59', revision: 'e82be7d358', time: '2018-11-14T08:17:03'
System info: host: 'USTPALG1757', ip: '192.168.254.181', os.name: 'Windows 10', os.arch: 'amd64', os.version: '10.0', java.version: '1.8.0_341'
Driver info: com.microsoft.appcenter.appium.EnhancedAndroidDriver
Capabilities {app: C:\Users\Antwan.Maddox\sour..., appPackage: com.weatherapp, databaseEnabled: false, desired: {app: C:\Users\Antwan.Maddox\sour..., deviceName: Android Emulator, platformName: android, platformVersion: 11.0}, deviceApiLevel: 30, deviceManufacturer: Google, deviceModel: sdk_gphone_x86, deviceName: emulator-5554, deviceScreenDensity: 420, deviceScreenSize: 1080x1920, deviceUDID: emulator-5554, javascriptEnabled: true, locationContextEnabled: false, networkConnectionEnabled: true, pixelRatio: 2.625, platform: LINUX, platformName: Android, platformVersion: 11, statBarHeight: 63, takesScreenshot: true, viewportRect: {height: 1731, left: 0, top: 63, width: 1080}, warnings: {}, webStorageEnabled: false}
Session ID: a5b9f883-e714-4e55-80ff-7e7776be2ba5
*** Element info: {Using=id, value=com.weatherapp:id/tv_temperature}
	at Android.WeatherAppTest.Verify_AbuDhabi_Weather(WeatherAppTest.java:125)
]]></failure>
    <system-out><![CDATA[started: Verify_AbuDhabi_Weather (Android.WeatherAppTest)
Stopping App - C:\Users\ANTWAN~1.MAD\AppData\Local\Temp\appium4383563805540052761\screenshot630246813257740224.png
failed
finished
]]></system-out>
    <system-err><![CDATA[Sep 01, 2022 4:25:43 PM io.appium.java_client.remote.AppiumCommandExecutor$1 lambda$0
INFO: Detected dialect: W3C
]]></system-err>
  </testcase>
  <testcase name="QuickTest on QuickTest(Android.WeatherAppTest)" classname="Android.WeatherAppTest" time="5.425">
    <failure type="java.lang.AssertionError"><![CDATA[java.lang.AssertionError
	at Android.WeatherAppTest.QuickTest(WeatherAppTest.java:71)
]]></failure>
    <system-out><![CDATA[started: QuickTest (Android.WeatherAppTest)
Stopping App - C:\Users\ANTWAN~1.MAD\AppData\Local\Temp\appium4383563805540052761\screenshot4557147933933048407.png
failed
finished
]]></system-out>
    <system-err><![CDATA[Sep 01, 2022 4:25:56 PM io.appium.java_client.remote.AppiumCommandExecutor$1 lambda$0
INFO: Detected dialect: W3C
]]></system-err>
  </testcase>
  <testcase name="Verify_Riyadh_Weather on Verify_Riyadh_Weather(Android.WeatherAppTest)" classname="Android.WeatherAppTest" time="13.528">
    <system-out><![CDATA[started: Verify_Riyadh_Weather (Android.WeatherAppTest)
Stopping App - C:\Users\ANTWAN~1.MAD\AppData\Local\Temp\appium4383563805540052761\screenshot5356790308224860269.png
succeeded
finished
]]></system-out>
    <system-err><![CDATA[Sep 01, 2022 4:26:01 PM io.appium.java_client.remote.AppiumCommandExecutor$1 lambda$0
INFO: Detected dialect: W3C
]]></system-err>
  </testcase>
  <testcase name="verifyMainView on verifyMainView(Android.WeatherAppTest)" classname="Android.WeatherAppTest" time="6.939">
    <system-out><![CDATA[started: verifyMainView (Android.WeatherAppTest)
Stopping App - C:\Users\ANTWAN~1.MAD\AppData\Local\Temp\appium4383563805540052761\screenshot3606769519430984012.png
succeeded
finished
]]></system-out>
    <system-err><![CDATA[Sep 01, 2022 4:26:15 PM io.appium.java_client.remote.AppiumCommandExecutor$1 lambda$0
INFO: Detected dialect: W3C
]]></system-err>
  </testcase>
</testsuite>